<?xml version="1.0" encoding="UTF-8"?>
<!-- Generated by org.testng.reporters.JUnitReportReporter -->
<testsuite hostname="DESKTOP-QRO2V93" failures="0" tests="1" name="testNG.OpenBrowser" time="0.001" errors="0" timestamp="2023-09-02T14:21:19 IST" skipped="0">
  <testcase classname="testNG.OpenBrowser" name="openGoogle" time="0.001"/>
  <system-out/>
</testsuite> <!-- testNG.OpenBrowser -->
