<?xml version="1.0" encoding="UTF-8"?>
<!-- Generated by org.testng.reporters.JUnitReportReporter -->
<testsuite hostname="DESKTOP-QRO2V93" failures="0" tests="2" name="testNG.FaceBookLogin" time="0.351" errors="0" timestamp="2023-09-02T14:21:19 IST" skipped="0">
  <testcase classname="testNG.FaceBookLogin" name="checkTitle" time="0.034"/>
  <system-out/>
  <testcase classname="testNG.FaceBookLogin" name="verifyLogin" time="0.317"/>
  <system-out/>
</testsuite> <!-- testNG.FaceBookLogin -->
